This file contains any messages produced by compilers while
running configure, to aid debugging if configure makes a mistake.

It was created by configure, which was
generated by GNU Autoconf 2.59.  Invocation command line was

  $ ./configure 

## --------- ##
## Platform. ##
## --------- ##

hostname = ocelotl
uname -m = x86_64
uname -r = 2.6.38-2-amd64
uname -s = Linux
uname -v = #1 SMP Sat Apr 23 18:47:49 UTC 2011

/usr/bin/uname -p = unknown
/bin/uname -X     = unknown

/bin/arch              = unknown
/usr/bin/arch -k       = unknown
/usr/convex/getsysinfo = unknown
hostinfo               = unknown
/bin/machine           = unknown
/usr/bin/oslevel       = unknown
/bin/universe          = unknown

PATH: /usr/local/bin
PATH: /usr/bin
PATH: /bin
PATH: /usr/local/games
PATH: /usr/games


## ----------- ##
## Core tests. ##
## ----------- ##

configure:1347: checking for a BSD-compatible install
configure:1402: result: /usr/bin/install -c
configure:1413: checking whether build environment is sane
configure:1456: result: yes
configure:1471: checking whether make sets $(MAKE)
configure:1491: result: yes
configure:1523: checking for working aclocal-1.4
configure:1534: result: missing
configure:1538: checking for working autoconf
configure:1545: result: found
configure:1553: checking for working automake-1.4
configure:1564: result: missing
configure:1568: checking for working autoheader
configure:1575: result: found
configure:1583: checking for working makeinfo
configure:1590: result: found
configure:1621: checking for a BSD-compatible install
configure:1676: result: /usr/bin/install -c
configure:1734: checking for gcc
configure:1750: found /usr/bin/gcc
configure:1760: result: gcc
configure:2004: checking for C compiler version
configure:2007: gcc --version </dev/null >&5
gcc (Debian 4.6.0-6) 4.6.1 20110428 (prerelease)
Copyright (C) 2011 Free Software Foundation, Inc.
This is free software; see the source for copying conditions.  There is NO
warranty; not even for MERCHANTABILITY or FITNESS FOR A PARTICULAR PURPOSE.

configure:2010: $? = 0
configure:2012: gcc -v </dev/null >&5
Using built-in specs.
COLLECT_GCC=gcc
COLLECT_LTO_WRAPPER=/usr/lib/gcc/x86_64-linux-gnu/4.6.1/lto-wrapper
Target: x86_64-linux-gnu
Configured with: ../src/configure -v --with-pkgversion='Debian 4.6.0-6' --with-bugurl=file:///usr/share/doc/gcc-4.6/README.Bugs --enable-languages=c,c++,fortran,objc,obj-c++,go --prefix=/usr --program-suffix=-4.6 --enable-shared --enable-multiarch --with-multiarch-defaults=x86_64-linux-gnu --enable-linker-build-id --with-system-zlib --libexecdir=/usr/lib --without-included-gettext --enable-threads=posix --with-gxx-include-dir=/usr/include/c++/4.6 --libdir=/usr/lib --enable-nls --enable-clocale=gnu --enable-libstdcxx-debug --enable-libstdcxx-time=yes --enable-plugin --enable-objc-gc --with-arch-32=i586 --with-tune=generic --enable-checking=release --build=x86_64-linux-gnu --host=x86_64-linux-gnu --target=x86_64-linux-gnu
Thread model: posix
gcc version 4.6.1 20110428 (prerelease) (Debian 4.6.0-6) 
configure:2015: $? = 0
configure:2017: gcc -V </dev/null >&5
gcc: error: unrecognized option '-V'
gcc: fatal error: no input files
compilation terminated.
configure:2020: $? = 1
configure:2043: checking for C compiler default output file name
configure:2046: gcc    conftest.c  >&5
configure:2049: $? = 0
configure:2095: result: a.out
configure:2100: checking whether the C compiler works
configure:2106: ./a.out
configure:2109: $? = 0
configure:2126: result: yes
configure:2133: checking whether we are cross compiling
configure:2135: result: no
configure:2138: checking for suffix of executables
configure:2140: gcc -o conftest    conftest.c  >&5
configure:2143: $? = 0
configure:2168: result: 
configure:2174: checking for suffix of object files
configure:2195: gcc -c   conftest.c >&5
configure:2198: $? = 0
configure:2220: result: o
configure:2224: checking whether we are using the GNU C compiler
configure:2248: gcc -c   conftest.c >&5
configure:2254: $? = 0
configure:2257: test -z 			 || test ! -s conftest.err
configure:2260: $? = 0
configure:2263: test -s conftest.o
configure:2266: $? = 0
configure:2279: result: yes
configure:2285: checking whether gcc accepts -g
configure:2306: gcc -c -g  conftest.c >&5
configure:2312: $? = 0
configure:2315: test -z 			 || test ! -s conftest.err
configure:2318: $? = 0
configure:2321: test -s conftest.o
configure:2324: $? = 0
configure:2335: result: yes
configure:2352: checking for gcc option to accept ANSI C
configure:2422: gcc  -c -g -O2  conftest.c >&5
configure:2428: $? = 0
configure:2431: test -z 			 || test ! -s conftest.err
configure:2434: $? = 0
configure:2437: test -s conftest.o
configure:2440: $? = 0
configure:2458: result: none needed
configure:2476: gcc -c -g -O2  conftest.c >&5
conftest.c:2:3: error: unknown type name 'choke'
conftest.c:2:3: error: expected '=', ',', ';', 'asm' or '__attribute__' at end of input
configure:2482: $? = 1
configure: failed program was:
| #ifndef __cplusplus
|   choke me
| #endif
configure:2618: checking how to run the C preprocessor
configure:2653: gcc -E  conftest.c
configure:2659: $? = 0
configure:2691: gcc -E  conftest.c
conftest.c:11:28: fatal error: ac_nonexistent.h: No such file or directory
compilation terminated.
configure:2697: $? = 1
configure: failed program was:
| /* confdefs.h.  */
| 
| #define PACKAGE_NAME ""
| #define PACKAGE_TARNAME ""
| #define PACKAGE_VERSION ""
| #define PACKAGE_STRING ""
| #define PACKAGE_BUGREPORT ""
| #define PACKAGE "snmp-plugins"
| #define VERSION "0.4"
| /* end confdefs.h.  */
| #include <ac_nonexistent.h>
configure:2736: result: gcc -E
configure:2760: gcc -E  conftest.c
configure:2766: $? = 0
configure:2798: gcc -E  conftest.c
conftest.c:11:28: fatal error: ac_nonexistent.h: No such file or directory
compilation terminated.
configure:2804: $? = 1
configure: failed program was:
| /* confdefs.h.  */
| 
| #define PACKAGE_NAME ""
| #define PACKAGE_TARNAME ""
| #define PACKAGE_VERSION ""
| #define PACKAGE_STRING ""
| #define PACKAGE_BUGREPORT ""
| #define PACKAGE "snmp-plugins"
| #define VERSION "0.4"
| /* end confdefs.h.  */
| #include <ac_nonexistent.h>
configure:2848: checking for egrep
configure:2858: result: grep -E
configure:2863: checking for ANSI C header files
configure:2888: gcc -c -g -O2  conftest.c >&5
configure:2894: $? = 0
configure:2897: test -z 			 || test ! -s conftest.err
configure:2900: $? = 0
configure:2903: test -s conftest.o
configure:2906: $? = 0
configure:2995: gcc -o conftest -g -O2   conftest.c  >&5
conftest.c: In function 'main':
conftest.c:28:7: warning: incompatible implicit declaration of built-in function 'exit' [enabled by default]
configure:2998: $? = 0
configure:3000: ./conftest
configure:3003: $? = 0
configure:3018: result: yes
configure:3042: checking for sys/types.h
configure:3058: gcc -c -g -O2  conftest.c >&5
configure:3064: $? = 0
configure:3067: test -z 			 || test ! -s conftest.err
configure:3070: $? = 0
configure:3073: test -s conftest.o
configure:3076: $? = 0
configure:3087: result: yes
configure:3042: checking for sys/stat.h
configure:3058: gcc -c -g -O2  conftest.c >&5
configure:3064: $? = 0
configure:3067: test -z 			 || test ! -s conftest.err
configure:3070: $? = 0
configure:3073: test -s conftest.o
configure:3076: $? = 0
configure:3087: result: yes
configure:3042: checking for stdlib.h
configure:3058: gcc -c -g -O2  conftest.c >&5
configure:3064: $? = 0
configure:3067: test -z 			 || test ! -s conftest.err
configure:3070: $? = 0
configure:3073: test -s conftest.o
configure:3076: $? = 0
configure:3087: result: yes
configure:3042: checking for string.h
configure:3058: gcc -c -g -O2  conftest.c >&5
configure:3064: $? = 0
configure:3067: test -z 			 || test ! -s conftest.err
configure:3070: $? = 0
configure:3073: test -s conftest.o
configure:3076: $? = 0
configure:3087: result: yes
configure:3042: checking for memory.h
configure:3058: gcc -c -g -O2  conftest.c >&5
configure:3064: $? = 0
configure:3067: test -z 			 || test ! -s conftest.err
configure:3070: $? = 0
configure:3073: test -s conftest.o
configure:3076: $? = 0
configure:3087: result: yes
configure:3042: checking for strings.h
configure:3058: gcc -c -g -O2  conftest.c >&5
configure:3064: $? = 0
configure:3067: test -z 			 || test ! -s conftest.err
configure:3070: $? = 0
configure:3073: test -s conftest.o
configure:3076: $? = 0
configure:3087: result: yes
configure:3042: checking for inttypes.h
configure:3058: gcc -c -g -O2  conftest.c >&5
configure:3064: $? = 0
configure:3067: test -z 			 || test ! -s conftest.err
configure:3070: $? = 0
configure:3073: test -s conftest.o
configure:3076: $? = 0
configure:3087: result: yes
configure:3042: checking for stdint.h
configure:3058: gcc -c -g -O2  conftest.c >&5
configure:3064: $? = 0
configure:3067: test -z 			 || test ! -s conftest.err
configure:3070: $? = 0
configure:3073: test -s conftest.o
configure:3076: $? = 0
configure:3087: result: yes
configure:3042: checking for unistd.h
configure:3058: gcc -c -g -O2  conftest.c >&5
configure:3064: $? = 0
configure:3067: test -z 			 || test ! -s conftest.err
configure:3070: $? = 0
configure:3073: test -s conftest.o
configure:3076: $? = 0
configure:3087: result: yes
configure:3108: checking for stdlib.h
configure:3113: result: yes
configure:3108: checking for unistd.h
configure:3113: result: yes
configure:3108: checking for string.h
configure:3113: result: yes
configure:3117: checking getopt.h usability
configure:3129: gcc -c -g -O2  conftest.c >&5
configure:3135: $? = 0
configure:3138: test -z 			 || test ! -s conftest.err
configure:3141: $? = 0
configure:3144: test -s conftest.o
configure:3147: $? = 0
configure:3157: result: yes
configure:3161: checking getopt.h presence
configure:3171: gcc -E  conftest.c
configure:3177: $? = 0
configure:3197: result: yes
configure:3232: checking for getopt.h
configure:3239: result: yes
configure:3117: checking errno.h usability
configure:3129: gcc -c -g -O2  conftest.c >&5
configure:3135: $? = 0
configure:3138: test -z 			 || test ! -s conftest.err
configure:3141: $? = 0
configure:3144: test -s conftest.o
configure:3147: $? = 0
configure:3157: result: yes
configure:3161: checking errno.h presence
configure:3171: gcc -E  conftest.c
configure:3177: $? = 0
configure:3197: result: yes
configure:3232: checking for errno.h
configure:3239: result: yes
configure:3299: checking for gcc
configure:3325: result: gcc
configure:3569: checking for C compiler version
configure:3572: gcc --version </dev/null >&5
gcc (Debian 4.6.0-6) 4.6.1 20110428 (prerelease)
Copyright (C) 2011 Free Software Foundation, Inc.
This is free software; see the source for copying conditions.  There is NO
warranty; not even for MERCHANTABILITY or FITNESS FOR A PARTICULAR PURPOSE.

configure:3575: $? = 0
configure:3577: gcc -v </dev/null >&5
Using built-in specs.
COLLECT_GCC=gcc
COLLECT_LTO_WRAPPER=/usr/lib/gcc/x86_64-linux-gnu/4.6.1/lto-wrapper
Target: x86_64-linux-gnu
Configured with: ../src/configure -v --with-pkgversion='Debian 4.6.0-6' --with-bugurl=file:///usr/share/doc/gcc-4.6/README.Bugs --enable-languages=c,c++,fortran,objc,obj-c++,go --prefix=/usr --program-suffix=-4.6 --enable-shared --enable-multiarch --with-multiarch-defaults=x86_64-linux-gnu --enable-linker-build-id --with-system-zlib --libexecdir=/usr/lib --without-included-gettext --enable-threads=posix --with-gxx-include-dir=/usr/include/c++/4.6 --libdir=/usr/lib --enable-nls --enable-clocale=gnu --enable-libstdcxx-debug --enable-libstdcxx-time=yes --enable-plugin --enable-objc-gc --with-arch-32=i586 --with-tune=generic --enable-checking=release --build=x86_64-linux-gnu --host=x86_64-linux-gnu --target=x86_64-linux-gnu
Thread model: posix
gcc version 4.6.1 20110428 (prerelease) (Debian 4.6.0-6) 
configure:3580: $? = 0
configure:3582: gcc -V </dev/null >&5
gcc: error: unrecognized option '-V'
gcc: fatal error: no input files
compilation terminated.
configure:3585: $? = 1
configure:3588: checking whether we are using the GNU C compiler
configure:3643: result: yes
configure:3649: checking whether gcc accepts -g
configure:3699: result: yes
configure:3716: checking for gcc option to accept ANSI C
configure:3822: result: none needed
configure:3840: gcc -c -g -O2  conftest.c >&5
conftest.c:2:3: error: unknown type name 'choke'
conftest.c:2:3: error: expected '=', ',', ';', 'asm' or '__attribute__' at end of input
configure:3846: $? = 1
configure: failed program was:
| #ifndef __cplusplus
|   choke me
| #endif
configure:3982: checking for connect
configure:4039: gcc -o conftest -g -O2   conftest.c  >&5
configure:4045: $? = 0
configure:4048: test -z 			 || test ! -s conftest.err
configure:4051: $? = 0
configure:4054: test -s conftest
configure:4057: $? = 0
configure:4069: result: yes
configure:4212: checking for res_search
configure:4269: gcc -o conftest -g -O2   conftest.c   >&5
/tmp/ccYU4HzR.o:(.data+0x0): undefined reference to `res_search'
/tmp/ccYU4HzR.o: In function `main':
/home/vincent/prog/check_snmp_plugins/conftest.c:66: undefined reference to `res_search'
collect2: ld returned 1 exit status
configure:4275: $? = 1
configure: failed program was:
| /* confdefs.h.  */
| 
| #define PACKAGE_NAME ""
| #define PACKAGE_TARNAME ""
| #define PACKAGE_VERSION ""
| #define PACKAGE_STRING ""
| #define PACKAGE_BUGREPORT ""
| #define PACKAGE "snmp-plugins"
| #define VERSION "0.4"
| #define STDC_HEADERS 1
| #define HAVE_SYS_TYPES_H 1
| #define HAVE_SYS_STAT_H 1
| #define HAVE_STDLIB_H 1
| #define HAVE_STRING_H 1
| #define HAVE_MEMORY_H 1
| #define HAVE_STRINGS_H 1
| #define HAVE_INTTYPES_H 1
| #define HAVE_STDINT_H 1
| #define HAVE_UNISTD_H 1
| #define HAVE_STDLIB_H 1
| #define HAVE_UNISTD_H 1
| #define HAVE_STRING_H 1
| #define HAVE_GETOPT_H 1
| #define HAVE_ERRNO_H 1
| /* end confdefs.h.  */
| /* Define res_search to an innocuous variant, in case <limits.h> declares res_search.
|    For example, HP-UX 11i <limits.h> declares gettimeofday.  */
| #define res_search innocuous_res_search
| 
| /* System header to define __stub macros and hopefully few prototypes,
|     which can conflict with char res_search (); below.
|     Prefer <limits.h> to <assert.h> if __STDC__ is defined, since
|     <limits.h> exists even on freestanding compilers.  */
| 
| #ifdef __STDC__
| # include <limits.h>
| #else
| # include <assert.h>
| #endif
| 
| #undef res_search
| 
| /* Override any gcc2 internal prototype to avoid an error.  */
| #ifdef __cplusplus
| extern "C"
| {
| #endif
| /* We use char because int might match the return type of a gcc2
|    builtin and then its argument prototype would still apply.  */
| char res_search ();
| /* The GNU C library defines this for functions which it implements
|     to always fail with ENOSYS.  Some functions are actually named
|     something starting with __ and the normal name is an alias.  */
| #if defined (__stub_res_search) || defined (__stub___res_search)
| choke me
| #else
| char (*f) () = res_search;
| #endif
| #ifdef __cplusplus
| }
| #endif
| 
| int
| main ()
| {
| return f != res_search;
|   ;
|   return 0;
| }
configure:4299: result: no
configure:4304: checking for res_search in -lresolv
configure:4334: gcc -o conftest -g -O2   conftest.c -lresolv    >&5
/tmp/cc4HLKPV.o: In function `main':
/home/vincent/prog/check_snmp_plugins/conftest.c:37: undefined reference to `res_search'
collect2: ld returned 1 exit status
configure:4340: $? = 1
configure: failed program was:
| /* confdefs.h.  */
| 
| #define PACKAGE_NAME ""
| #define PACKAGE_TARNAME ""
| #define PACKAGE_VERSION ""
| #define PACKAGE_STRING ""
| #define PACKAGE_BUGREPORT ""
| #define PACKAGE "snmp-plugins"
| #define VERSION "0.4"
| #define STDC_HEADERS 1
| #define HAVE_SYS_TYPES_H 1
| #define HAVE_SYS_STAT_H 1
| #define HAVE_STDLIB_H 1
| #define HAVE_STRING_H 1
| #define HAVE_MEMORY_H 1
| #define HAVE_STRINGS_H 1
| #define HAVE_INTTYPES_H 1
| #define HAVE_STDINT_H 1
| #define HAVE_UNISTD_H 1
| #define HAVE_STDLIB_H 1
| #define HAVE_UNISTD_H 1
| #define HAVE_STRING_H 1
| #define HAVE_GETOPT_H 1
| #define HAVE_ERRNO_H 1
| /* end confdefs.h.  */
| 
| /* Override any gcc2 internal prototype to avoid an error.  */
| #ifdef __cplusplus
| extern "C"
| #endif
| /* We use char because int might match the return type of a gcc2
|    builtin and then its argument prototype would still apply.  */
| char res_search ();
| int
| main ()
| {
| res_search ();
|   ;
|   return 0;
| }
configure:4365: result: no
configure:4380: checking for dn_expand
configure:4437: gcc -o conftest -g -O2   conftest.c   >&5
/tmp/ccVi2DM2.o:(.data+0x0): undefined reference to `dn_expand'
/tmp/ccVi2DM2.o: In function `main':
/home/vincent/prog/check_snmp_plugins/conftest.c:66: undefined reference to `dn_expand'
collect2: ld returned 1 exit status
configure:4443: $? = 1
configure: failed program was:
| /* confdefs.h.  */
| 
| #define PACKAGE_NAME ""
| #define PACKAGE_TARNAME ""
| #define PACKAGE_VERSION ""
| #define PACKAGE_STRING ""
| #define PACKAGE_BUGREPORT ""
| #define PACKAGE "snmp-plugins"
| #define VERSION "0.4"
| #define STDC_HEADERS 1
| #define HAVE_SYS_TYPES_H 1
| #define HAVE_SYS_STAT_H 1
| #define HAVE_STDLIB_H 1
| #define HAVE_STRING_H 1
| #define HAVE_MEMORY_H 1
| #define HAVE_STRINGS_H 1
| #define HAVE_INTTYPES_H 1
| #define HAVE_STDINT_H 1
| #define HAVE_UNISTD_H 1
| #define HAVE_STDLIB_H 1
| #define HAVE_UNISTD_H 1
| #define HAVE_STRING_H 1
| #define HAVE_GETOPT_H 1
| #define HAVE_ERRNO_H 1
| /* end confdefs.h.  */
| /* Define dn_expand to an innocuous variant, in case <limits.h> declares dn_expand.
|    For example, HP-UX 11i <limits.h> declares gettimeofday.  */
| #define dn_expand innocuous_dn_expand
| 
| /* System header to define __stub macros and hopefully few prototypes,
|     which can conflict with char dn_expand (); below.
|     Prefer <limits.h> to <assert.h> if __STDC__ is defined, since
|     <limits.h> exists even on freestanding compilers.  */
| 
| #ifdef __STDC__
| # include <limits.h>
| #else
| # include <assert.h>
| #endif
| 
| #undef dn_expand
| 
| /* Override any gcc2 internal prototype to avoid an error.  */
| #ifdef __cplusplus
| extern "C"
| {
| #endif
| /* We use char because int might match the return type of a gcc2
|    builtin and then its argument prototype would still apply.  */
| char dn_expand ();
| /* The GNU C library defines this for functions which it implements
|     to always fail with ENOSYS.  Some functions are actually named
|     something starting with __ and the normal name is an alias.  */
| #if defined (__stub_dn_expand) || defined (__stub___dn_expand)
| choke me
| #else
| char (*f) () = dn_expand;
| #endif
| #ifdef __cplusplus
| }
| #endif
| 
| int
| main ()
| {
| return f != dn_expand;
|   ;
|   return 0;
| }
configure:4467: result: no
configure:4380: checking for dns_lookup
configure:4437: gcc -o conftest -g -O2   conftest.c   >&5
/tmp/ccjbcm1b.o:(.data+0x0): undefined reference to `dns_lookup'
/tmp/ccjbcm1b.o: In function `main':
/home/vincent/prog/check_snmp_plugins/conftest.c:66: undefined reference to `dns_lookup'
collect2: ld returned 1 exit status
configure:4443: $? = 1
configure: failed program was:
| /* confdefs.h.  */
| 
| #define PACKAGE_NAME ""
| #define PACKAGE_TARNAME ""
| #define PACKAGE_VERSION ""
| #define PACKAGE_STRING ""
| #define PACKAGE_BUGREPORT ""
| #define PACKAGE "snmp-plugins"
| #define VERSION "0.4"
| #define STDC_HEADERS 1
| #define HAVE_SYS_TYPES_H 1
| #define HAVE_SYS_STAT_H 1
| #define HAVE_STDLIB_H 1
| #define HAVE_STRING_H 1
| #define HAVE_MEMORY_H 1
| #define HAVE_STRINGS_H 1
| #define HAVE_INTTYPES_H 1
| #define HAVE_STDINT_H 1
| #define HAVE_UNISTD_H 1
| #define HAVE_STDLIB_H 1
| #define HAVE_UNISTD_H 1
| #define HAVE_STRING_H 1
| #define HAVE_GETOPT_H 1
| #define HAVE_ERRNO_H 1
| /* end confdefs.h.  */
| /* Define dns_lookup to an innocuous variant, in case <limits.h> declares dns_lookup.
|    For example, HP-UX 11i <limits.h> declares gettimeofday.  */
| #define dns_lookup innocuous_dns_lookup
| 
| /* System header to define __stub macros and hopefully few prototypes,
|     which can conflict with char dns_lookup (); below.
|     Prefer <limits.h> to <assert.h> if __STDC__ is defined, since
|     <limits.h> exists even on freestanding compilers.  */
| 
| #ifdef __STDC__
| # include <limits.h>
| #else
| # include <assert.h>
| #endif
| 
| #undef dns_lookup
| 
| /* Override any gcc2 internal prototype to avoid an error.  */
| #ifdef __cplusplus
| extern "C"
| {
| #endif
| /* We use char because int might match the return type of a gcc2
|    builtin and then its argument prototype would still apply.  */
| char dns_lookup ();
| /* The GNU C library defines this for functions which it implements
|     to always fail with ENOSYS.  Some functions are actually named
|     something starting with __ and the normal name is an alias.  */
| #if defined (__stub_dns_lookup) || defined (__stub___dns_lookup)
| choke me
| #else
| char (*f) () = dns_lookup;
| #endif
| #ifdef __cplusplus
| }
| #endif
| 
| int
| main ()
| {
| return f != dns_lookup;
|   ;
|   return 0;
| }
configure:4467: result: no
configure:4494: checking for net-snmp-config
configure:4513: found /usr/bin/net-snmp-config
configure:4525: result: /usr/bin/net-snmp-config
configure:4656: creating ./config.status

## ---------------------- ##
## Running config.status. ##
## ---------------------- ##

This file was extended by config.status, which was
generated by GNU Autoconf 2.59.  Invocation command line was

  CONFIG_FILES    = 
  CONFIG_HEADERS  = 
  CONFIG_LINKS    = 
  CONFIG_COMMANDS = 
  $ ./config.status 

on ocelotl

config.status:716: creating Makefile
config.status:716: creating src/Makefile
config.status:782: creating config.h
config.status:1058: executing default-1 commands

## ---------------- ##
## Cache variables. ##
## ---------------- ##

ac_cv_c_compiler_gnu=yes
ac_cv_env_CC_set=
ac_cv_env_CC_value=
ac_cv_env_CFLAGS_set=
ac_cv_env_CFLAGS_value=
ac_cv_env_CPPFLAGS_set=
ac_cv_env_CPPFLAGS_value=
ac_cv_env_CPP_set=
ac_cv_env_CPP_value=
ac_cv_env_LDFLAGS_set=
ac_cv_env_LDFLAGS_value=
ac_cv_env_build_alias_set=
ac_cv_env_build_alias_value=
ac_cv_env_host_alias_set=
ac_cv_env_host_alias_value=
ac_cv_env_target_alias_set=
ac_cv_env_target_alias_value=
ac_cv_exeext=
ac_cv_func_connect=yes
ac_cv_func_dn_expand=no
ac_cv_func_dns_lookup=no
ac_cv_func_res_search=no
ac_cv_header_errno_h=yes
ac_cv_header_getopt_h=yes
ac_cv_header_inttypes_h=yes
ac_cv_header_memory_h=yes
ac_cv_header_stdc=yes
ac_cv_header_stdint_h=yes
ac_cv_header_stdlib_h=yes
ac_cv_header_string_h=yes
ac_cv_header_strings_h=yes
ac_cv_header_sys_stat_h=yes
ac_cv_header_sys_types_h=yes
ac_cv_header_unistd_h=yes
ac_cv_lib_resolv_res_search=no
ac_cv_objext=o
ac_cv_path_SNMP_CONFIG=/usr/bin/net-snmp-config
ac_cv_path_install='/usr/bin/install -c'
ac_cv_prog_CPP='gcc -E'
ac_cv_prog_ac_ct_CC=gcc
ac_cv_prog_cc_g=yes
ac_cv_prog_cc_stdc=
ac_cv_prog_egrep='grep -E'
ac_cv_prog_make_make_set=yes

## ----------------- ##
## Output variables. ##
## ----------------- ##

ACLOCAL='/home/vincent/prog/check_snmp_plugins/missing aclocal-1.4'
AUTOCONF='autoconf'
AUTOHEADER='autoheader'
AUTOMAKE='/home/vincent/prog/check_snmp_plugins/missing automake-1.4'
CC='gcc'
CFLAGS='-g -O2'
CPP='gcc -E'
CPPFLAGS=''
DEFS='-DHAVE_CONFIG_H'
ECHO_C=''
ECHO_N='-n'
ECHO_T=''
EGREP='grep -E'
EXEEXT=''
INSTALL='/usr/bin/install -c'
INSTALL_DATA='${INSTALL} -m 644'
INSTALL_PROGRAM='${INSTALL}'
INSTALL_SCRIPT='${INSTALL}'
LDFLAGS=''
LIBOBJS=''
LIBS=' -L/usr/lib -lnetsnmp '
LIB_SNMP=''
LIB_SOCKET=''
LTLIBOBJS=''
MAKEINFO='makeinfo'
OBJEXT='o'
PACKAGE='snmp-plugins'
PACKAGE_BUGREPORT=''
PACKAGE_NAME=''
PACKAGE_RELEASE='1'
PACKAGE_STRING=''
PACKAGE_TARNAME=''
PACKAGE_VERSION='0.8'
PATH_SEPARATOR=':'
REL='1'
SET_MAKE=''
SHELL='/bin/bash'
SNMP_CONFIG='/usr/bin/net-snmp-config'
VER='0.8'
VERSION='0.4'
ac_ct_CC='gcc'
bindir='${exec_prefix}/bin'
build_alias=''
datadir='${prefix}/share'
exec_prefix='${prefix}'
host_alias=''
includedir='${prefix}/include'
infodir='${prefix}/info'
libdir='${exec_prefix}/lib'
libexecdir='${exec_prefix}/libexec'
localstatedir='${prefix}/var'
mandir='${prefix}/man'
oldincludedir='/usr/include'
prefix='/usr/local/nagios'
program_transform_name='s,x,x,'
sbindir='${exec_prefix}/sbin'
sharedstatedir='${prefix}/com'
sysconfdir='${prefix}/etc'
target_alias=''

## ----------- ##
## confdefs.h. ##
## ----------- ##

#define HAVE_ERRNO_H 1
#define HAVE_GETOPT_H 1
#define HAVE_INTTYPES_H 1
#define HAVE_MEMORY_H 1
#define HAVE_NET_SNMP 1
#define HAVE_STDINT_H 1
#define HAVE_STDLIB_H 1
#define HAVE_STDLIB_H 1
#define HAVE_STRINGS_H 1
#define HAVE_STRING_H 1
#define HAVE_STRING_H 1
#define HAVE_SYS_STAT_H 1
#define HAVE_SYS_TYPES_H 1
#define HAVE_UNISTD_H 1
#define HAVE_UNISTD_H 1
#define PACKAGE "snmp-plugins"
#define PACKAGE_BUGREPORT ""
#define PACKAGE_NAME ""
#define PACKAGE_STRING ""
#define PACKAGE_TARNAME ""
#define PACKAGE_VERSION ""
#define STDC_HEADERS 1
#define VERSION "0.4"

configure: exit 0

## ---------------------- ##
## Running config.status. ##
## ---------------------- ##

This file was extended by config.status, which was
generated by GNU Autoconf 2.59.  Invocation command line was

  CONFIG_FILES    = 
  CONFIG_HEADERS  = config.h
  CONFIG_LINKS    = 
  CONFIG_COMMANDS = 
  $ ./config.status 

on ocelotl

config.status:782: creating config.h
config.status:1058: executing default-1 commands
